<?xml version="1.0" encoding="UTF-8"?>
<!-- Generated by org.testng.reporters.JUnitReportReporter -->
<testsuite skipped="0" hostname="Yael-PC" name="com.tests.LoginAndLogOutTest" tests="3" failures="0" timestamp="06 מאי 2018 06:31:10 GMT" time="43.816" errors="0">
  <testcase name="tryToLogin" time="17.909" classname="com.tests.LoginAndLogOutTest"/>
  <testcase name="tryToSignOut" time="14.153" classname="com.tests.LoginAndLogOutTest"/>
  <testcase name="tryToLoginError" time="11.754" classname="com.tests.LoginAndLogOutTest"/>
</testsuite> <!-- com.tests.LoginAndLogOutTest -->
