<?xml version="1.0" encoding="UTF-8"?>
<!-- Generated by org.testng.reporters.JUnitReportReporter -->
<testsuite skipped="0" hostname="Yael-PC" name="com.tests.CartInfoTest" tests="2" failures="0" timestamp="06 מאי 2018 06:31:10 GMT" time="80.578" errors="0">
  <testcase name="addItemToCart" time="75.472" classname="com.tests.CartInfoTest"/>
  <testcase name="numberOfItems" time="5.106" classname="com.tests.CartInfoTest"/>
</testsuite> <!-- com.tests.CartInfoTest -->
