<?xml version="1.0" encoding="UTF-8"?>
<!-- Generated by org.testng.reporters.JUnitReportReporter -->
<testsuite skipped="0" hostname="Yael-PC" name="com.tests.ContactServiceTest" tests="4" failures="0" timestamp="06 מאי 2018 06:31:10 GMT" time="52.226" errors="0">
  <testcase name="checkGoodQuery" time="14.031" classname="com.tests.ContactServiceTest"/>
  <testcase name="checkWrongQuery" time="13.081" classname="com.tests.ContactServiceTest"/>
  <testcase name="checkSelectTopic" time="11.970" classname="com.tests.ContactServiceTest"/>
  <testcase name="checkMackingContant" time="13.144" classname="com.tests.ContactServiceTest"/>
</testsuite> <!-- com.tests.ContactServiceTest -->
