<?xml version="1.0" encoding="UTF-8"?>
<!-- Generated by org.testng.reporters.JUnitReportReporter -->
<testsuite skipped="0" hostname="Yael-PC" name="com.tests.CheckNavberTest" tests="1" failures="0" timestamp="06 מאי 2018 06:31:10 GMT" time="41.386" errors="0">
  <testcase name="checkNavbar" time="41.386" classname="com.tests.CheckNavberTest"/>
</testsuite> <!-- com.tests.CheckNavberTest -->
