<?xml version="1.0" encoding="UTF-8"?>
<!-- Generated by org.testng.reporters.JUnitReportReporter -->
<testsuite skipped="0" hostname="Yael-PC" name="com.tests.ShoopingTest" tests="4" failures="0" timestamp="06 מאי 2018 06:31:10 GMT" time="61.115" errors="0">
  <testcase name="checkGoodQuery" time="14.504" classname="com.tests.ShoopingTest"/>
  <testcase name="checkWrongQuery" time="13.155" classname="com.tests.ShoopingTest"/>
  <testcase name="checkShopByCategory" time="14.535" classname="com.tests.ShoopingTest"/>
  <testcase name="checkAdvanceShpping" time="18.921" classname="com.tests.ShoopingTest"/>
</testsuite> <!-- com.tests.ShoopingTest -->
