<?xml version="1.0" encoding="UTF-8"?>
<!-- Generated by org.testng.reporters.JUnitReportReporter -->
<testsuite skipped="0" hostname="DESKTOP-UUMC4G4" name="NewTest" tests="2" failures="0" timestamp="30 אפר 2018 17:40:51 GMT" time="44.568" errors="0">
  <testcase name="searchItem" time="27.296" classname="NewTest"/>
  <testcase name="logIn" time="17.272" classname="NewTest"/>
</testsuite> <!-- NewTest -->
