<?xml version="1.0" encoding="UTF-8"?>
<!-- Generated by org.testng.reporters.JUnitReportReporter -->
<testsuite skipped="0" hostname="Yael-PC" name="com.tests.LoginAndLogOutTest" tests="3" failures="0" timestamp="09 מאי 2018 07:12:44 GMT" time="56.124" errors="0">
  <testcase name="tryToLogin" time="12.186" classname="com.tests.LoginAndLogOutTest"/>
  <testcase name="tryToSignOut" time="24.954" classname="com.tests.LoginAndLogOutTest"/>
  <testcase name="tryToLoginError" time="18.984" classname="com.tests.LoginAndLogOutTest"/>
</testsuite> <!-- com.tests.LoginAndLogOutTest -->
