<?xml version="1.0" encoding="UTF-8"?>
<!-- Generated by org.testng.reporters.JUnitReportReporter -->
<testsuite skipped="0" hostname="Yael-PC" name="com.tests.CheckNavberTest" tests="1" failures="0" timestamp="09 מאי 2018 07:12:44 GMT" time="46.104" errors="0">
  <testcase name="checkNavbar" time="46.104" classname="com.tests.CheckNavberTest"/>
</testsuite> <!-- com.tests.CheckNavberTest -->
