<?xml version="1.0" encoding="UTF-8"?>
<!-- Generated by org.testng.reporters.JUnitReportReporter -->
<testsuite skipped="0" hostname="Yael-PC" name="com.tests.ShoopingTest" tests="4" failures="0" timestamp="09 מאי 2018 07:12:44 GMT" time="76.974" errors="0">
  <testcase name="checkGoodQuery" time="18.661" classname="com.tests.ShoopingTest"/>
  <testcase name="checkWrongQuery" time="17.627" classname="com.tests.ShoopingTest"/>
  <testcase name="checkShopByCategory" time="24.381" classname="com.tests.ShoopingTest"/>
  <testcase name="checkAdvanceShpping" time="16.305" classname="com.tests.ShoopingTest"/>
</testsuite> <!-- com.tests.ShoopingTest -->
