<?xml version="1.0" encoding="UTF-8"?>
<!-- Generated by org.testng.reporters.JUnitReportReporter -->
<testsuite skipped="0" hostname="Yael-PC" name="com.tests.ContactServiceTest" tests="4" failures="0" timestamp="09 מאי 2018 07:12:44 GMT" time="61.537" errors="0">
  <testcase name="checkGoodQuery" time="18.618" classname="com.tests.ContactServiceTest"/>
  <testcase name="checkWrongQuery" time="18.237" classname="com.tests.ContactServiceTest"/>
  <testcase name="checkSelectTopic" time="11.265" classname="com.tests.ContactServiceTest"/>
  <testcase name="checkMackingContant" time="13.417" classname="com.tests.ContactServiceTest"/>
</testsuite> <!-- com.tests.ContactServiceTest -->
