<?xml version="1.0" encoding="UTF-8"?>
<!-- Generated by org.testng.reporters.JUnitReportReporter -->
<testsuite skipped="0" hostname="Yael-PC" name="com.tests.CartInfoTest" tests="3" failures="0" timestamp="09 מאי 2018 07:12:44 GMT" time="103.204" errors="0">
  <testcase name="removeItemFromCart" time="28.707" classname="com.tests.CartInfoTest"/>
  <testcase name="addItemToCart" time="69.426" classname="com.tests.CartInfoTest"/>
  <testcase name="numberOfItems" time="5.071" classname="com.tests.CartInfoTest"/>
</testsuite> <!-- com.tests.CartInfoTest -->
